<?xml version="1.0" encoding="UTF-8"?>
<testsuite name="org.example.book.springboot.web.PostsApiControllerTest" tests="2" skipped="0" failures="0" errors="0" timestamp="2022-04-12T03:03:29" hostname="Vostro3400-YSH" time="0.09">
  <properties/>
  <testcase name="Posts_등록된다" classname="org.example.book.springboot.web.PostsApiControllerTest" time="0.062"/>
  <testcase name="Posts_수정된다" classname="org.example.book.springboot.web.PostsApiControllerTest" time="0.028"/>
  <system-out><![CDATA[2022-04-12 12:03:29.094  INFO 9212 --- [    Test worker] .b.t.c.SpringBootTestContextBootstrapper : Neither @ContextConfiguration nor @ContextHierarchy found for test class [org.example.book.springboot.web.PostsApiControllerTest], using SpringBootContextLoader
2022-04-12 12:03:29.095  INFO 9212 --- [    Test worker] o.s.t.c.support.AbstractContextLoader    : Could not detect default resource locations for test class [org.example.book.springboot.web.PostsApiControllerTest]: no resource found for suffixes {-context.xml, Context.groovy}.
2022-04-12 12:03:29.096  INFO 9212 --- [    Test worker] t.c.s.AnnotationConfigContextLoaderUtils : Could not detect default configuration classes for test class [org.example.book.springboot.web.PostsApiControllerTest]: PostsApiControllerTest does not declare any static, non-private, non-final, nested classes annotated with @Configuration.
2022-04-12 12:03:29.097  INFO 9212 --- [    Test worker] .b.t.c.SpringBootTestContextBootstrapper : Found @SpringBootConfiguration org.example.book.springboot.Application for test class org.example.book.springboot.web.PostsApiControllerTest
2022-04-12 12:03:29.099  INFO 9212 --- [    Test worker] .b.t.c.SpringBootTestContextBootstrapper : Loaded default TestExecutionListener class names from location [META-INF/spring.factories]: [org.springframework.security.test.context.support.WithSecurityContextTestExecutionListener, org.springframework.security.test.context.support.ReactorContextTestExecutionListener, org.springframework.boot.test.autoconfigure.restdocs.RestDocsTestExecutionListener, org.springframework.boot.test.autoconfigure.web.client.MockRestServiceServerResetTestExecutionListener, org.springframework.boot.test.autoconfigure.web.servlet.MockMvcPrintOnlyOnFailureTestExecutionListener, org.springframework.boot.test.autoconfigure.web.servlet.WebDriverTestExecutionListener, org.springframework.boot.test.mock.mockito.MockitoTestExecutionListener, org.springframework.boot.test.mock.mockito.ResetMocksTestExecutionListener, org.springframework.test.context.web.ServletTestExecutionListener, org.springframework.test.context.support.DirtiesContextBeforeModesTestExecutionListener, org.springframework.test.context.support.DependencyInjectionTestExecutionListener, org.springframework.test.context.support.DirtiesContextTestExecutionListener, org.springframework.test.context.transaction.TransactionalTestExecutionListener, org.springframework.test.context.jdbc.SqlScriptsTestExecutionListener]
2022-04-12 12:03:29.100  INFO 9212 --- [    Test worker] .b.t.c.SpringBootTestContextBootstrapper : Using TestExecutionListeners: [org.springframework.test.context.web.ServletTestExecutionListener@535415e7, org.springframework.test.context.support.DirtiesContextBeforeModesTestExecutionListener@45360af5, org.springframework.boot.test.mock.mockito.MockitoTestExecutionListener@1e976af3, org.springframework.boot.test.autoconfigure.SpringBootDependencyInjectionTestExecutionListener@6790df0f, org.springframework.test.context.support.DirtiesContextTestExecutionListener@14981537, org.springframework.test.context.transaction.TransactionalTestExecutionListener@610cd4f3, org.springframework.test.context.jdbc.SqlScriptsTestExecutionListener@4469fad3, org.springframework.security.test.context.support.WithSecurityContextTestExecutionListener@25603df6, org.springframework.security.test.context.support.ReactorContextTestExecutionListener@7185a5c0, org.springframework.boot.test.autoconfigure.restdocs.RestDocsTestExecutionListener@76a95c4f, org.springframework.boot.test.autoconfigure.web.client.MockRestServiceServerResetTestExecutionListener@7d1d8f2b, org.springframework.boot.test.autoconfigure.web.servlet.MockMvcPrintOnlyOnFailureTestExecutionListener@59b682f3, org.springframework.boot.test.autoconfigure.web.servlet.WebDriverTestExecutionListener@5c187a0, org.springframework.boot.test.mock.mockito.ResetMocksTestExecutionListener@39b6f873]
2022-04-12 12:03:29.111  INFO 9212 --- [    Test worker] o.a.c.c.C.[Tomcat].[localhost].[/]       : Initializing Spring TestDispatcherServlet ''
2022-04-12 12:03:29.111  INFO 9212 --- [    Test worker] o.s.t.web.servlet.TestDispatcherServlet  : Initializing Servlet ''
2022-04-12 12:03:29.113  INFO 9212 --- [    Test worker] o.s.t.web.servlet.TestDispatcherServlet  : Completed initialization in 2 ms
Hibernate: insert into posts (created_date, modified_date, author, content, title) values (?, ?, ?, ?, ?)
Hibernate: select posts0_.id as id1_0_, posts0_.created_date as created_2_0_, posts0_.modified_date as modified3_0_, posts0_.author as author4_0_, posts0_.content as content5_0_, posts0_.title as title6_0_ from posts posts0_
Hibernate: select posts0_.id as id1_0_, posts0_.created_date as created_2_0_, posts0_.modified_date as modified3_0_, posts0_.author as author4_0_, posts0_.content as content5_0_, posts0_.title as title6_0_ from posts posts0_
Hibernate: delete from posts where id=?
2022-04-12 12:03:29.169  INFO 9212 --- [    Test worker] o.a.c.c.C.[Tomcat].[localhost].[/]       : Initializing Spring TestDispatcherServlet ''
2022-04-12 12:03:29.169  INFO 9212 --- [    Test worker] o.s.t.web.servlet.TestDispatcherServlet  : Initializing Servlet ''
2022-04-12 12:03:29.172  INFO 9212 --- [    Test worker] o.s.t.web.servlet.TestDispatcherServlet  : Completed initialization in 3 ms
Hibernate: insert into posts (created_date, modified_date, author, content, title) values (?, ?, ?, ?, ?)
Hibernate: select posts0_.id as id1_0_0_, posts0_.created_date as created_2_0_0_, posts0_.modified_date as modified3_0_0_, posts0_.author as author4_0_0_, posts0_.content as content5_0_0_, posts0_.title as title6_0_0_ from posts posts0_ where posts0_.id=?
Hibernate: update posts set created_date=?, modified_date=?, author=?, content=?, title=? where id=?
Hibernate: select posts0_.id as id1_0_, posts0_.created_date as created_2_0_, posts0_.modified_date as modified3_0_, posts0_.author as author4_0_, posts0_.content as content5_0_, posts0_.title as title6_0_ from posts posts0_
Hibernate: select posts0_.id as id1_0_, posts0_.created_date as created_2_0_, posts0_.modified_date as modified3_0_, posts0_.author as author4_0_, posts0_.content as content5_0_, posts0_.title as title6_0_ from posts posts0_
Hibernate: delete from posts where id=?
]]></system-out>
  <system-err><![CDATA[]]></system-err>
</testsuite>
