<?xml version="1.0" encoding="UTF-8"?>
<testsuite name="org.example.book.springboot.web.IndexControllerTest" tests="1" skipped="0" failures="0" errors="0" timestamp="2022-04-12T03:03:28" hostname="Vostro3400-YSH" time="0.19">
  <properties/>
  <testcase name="메인페이지_로딩" classname="org.example.book.springboot.web.IndexControllerTest" time="0.19"/>
  <system-out><![CDATA[2022-04-12 12:03:26.643  INFO 9212 --- [    Test worker] .b.t.c.SpringBootTestContextBootstrapper : Neither @ContextConfiguration nor @ContextHierarchy found for test class [org.example.book.springboot.web.IndexControllerTest], using SpringBootContextLoader
2022-04-12 12:03:26.644  INFO 9212 --- [    Test worker] o.s.t.c.support.AbstractContextLoader    : Could not detect default resource locations for test class [org.example.book.springboot.web.IndexControllerTest]: no resource found for suffixes {-context.xml, Context.groovy}.
2022-04-12 12:03:26.644  INFO 9212 --- [    Test worker] t.c.s.AnnotationConfigContextLoaderUtils : Could not detect default configuration classes for test class [org.example.book.springboot.web.IndexControllerTest]: IndexControllerTest does not declare any static, non-private, non-final, nested classes annotated with @Configuration.
2022-04-12 12:03:26.646  INFO 9212 --- [    Test worker] .b.t.c.SpringBootTestContextBootstrapper : Found @SpringBootConfiguration org.example.book.springboot.Application for test class org.example.book.springboot.web.IndexControllerTest
2022-04-12 12:03:26.647  INFO 9212 --- [    Test worker] .b.t.c.SpringBootTestContextBootstrapper : Loaded default TestExecutionListener class names from location [META-INF/spring.factories]: [org.springframework.security.test.context.support.WithSecurityContextTestExecutionListener, org.springframework.security.test.context.support.ReactorContextTestExecutionListener, org.springframework.boot.test.autoconfigure.restdocs.RestDocsTestExecutionListener, org.springframework.boot.test.autoconfigure.web.client.MockRestServiceServerResetTestExecutionListener, org.springframework.boot.test.autoconfigure.web.servlet.MockMvcPrintOnlyOnFailureTestExecutionListener, org.springframework.boot.test.autoconfigure.web.servlet.WebDriverTestExecutionListener, org.springframework.boot.test.mock.mockito.MockitoTestExecutionListener, org.springframework.boot.test.mock.mockito.ResetMocksTestExecutionListener, org.springframework.test.context.web.ServletTestExecutionListener, org.springframework.test.context.support.DirtiesContextBeforeModesTestExecutionListener, org.springframework.test.context.support.DependencyInjectionTestExecutionListener, org.springframework.test.context.support.DirtiesContextTestExecutionListener, org.springframework.test.context.transaction.TransactionalTestExecutionListener, org.springframework.test.context.jdbc.SqlScriptsTestExecutionListener]
2022-04-12 12:03:26.648  INFO 9212 --- [    Test worker] .b.t.c.SpringBootTestContextBootstrapper : Using TestExecutionListeners: [org.springframework.test.context.web.ServletTestExecutionListener@7d510ef3, org.springframework.test.context.support.DirtiesContextBeforeModesTestExecutionListener@4518557f, org.springframework.boot.test.mock.mockito.MockitoTestExecutionListener@77918360, org.springframework.boot.test.autoconfigure.SpringBootDependencyInjectionTestExecutionListener@17f3e14e, org.springframework.test.context.support.DirtiesContextTestExecutionListener@62a043d5, org.springframework.test.context.transaction.TransactionalTestExecutionListener@65144153, org.springframework.test.context.jdbc.SqlScriptsTestExecutionListener@1ee55412, org.springframework.security.test.context.support.WithSecurityContextTestExecutionListener@16142f11, org.springframework.security.test.context.support.ReactorContextTestExecutionListener@764a68ed, org.springframework.boot.test.autoconfigure.restdocs.RestDocsTestExecutionListener@3113a1ae, org.springframework.boot.test.autoconfigure.web.client.MockRestServiceServerResetTestExecutionListener@5e2265a, org.springframework.boot.test.autoconfigure.web.servlet.MockMvcPrintOnlyOnFailureTestExecutionListener@32b9fd50, org.springframework.boot.test.autoconfigure.web.servlet.WebDriverTestExecutionListener@1791e6ea, org.springframework.boot.test.mock.mockito.ResetMocksTestExecutionListener@3b233b67]

  .   ____          _            __ _ _
 /\\ / ___'_ __ _ _(_)_ __  __ _ \ \ \ \
( ( )\___ | '_ | '_| | '_ \/ _` | \ \ \ \
 \\/  ___)| |_)| | | | | || (_| |  ) ) ) )
  '  |____| .__|_| |_|_| |_\__, | / / / /
 =========|_|==============|___/=/_/_/_/
 :: Spring Boot ::        (v2.1.7.RELEASE)

2022-04-12 12:03:26.678  INFO 9212 --- [    Test worker] o.e.b.s.web.IndexControllerTest          : Starting IndexControllerTest on Vostro3400-YSH with PID 9212 (started by YSH in C:\workspace-intelliJ\springboot-aws)
2022-04-12 12:03:26.678  INFO 9212 --- [    Test worker] o.e.b.s.web.IndexControllerTest          : No active profile set, falling back to default profiles: default
2022-04-12 12:03:26.884  INFO 9212 --- [    Test worker] .s.d.r.c.RepositoryConfigurationDelegate : Bootstrapping Spring Data repositories in DEFAULT mode.
2022-04-12 12:03:26.909  INFO 9212 --- [    Test worker] .s.d.r.c.RepositoryConfigurationDelegate : Finished Spring Data repository scanning in 25ms. Found 2 repository interfaces.
2022-04-12 12:03:27.021  INFO 9212 --- [    Test worker] trationDelegate$BeanPostProcessorChecker : Bean 'org.springframework.transaction.annotation.ProxyTransactionManagementConfiguration' of type [org.springframework.transaction.annotation.ProxyTransactionManagementConfiguration$$EnhancerBySpringCGLIB$$7f369f3a] is not eligible for getting processed by all BeanPostProcessors (for example: not eligible for auto-proxying)
2022-04-12 12:03:27.292  INFO 9212 --- [    Test worker] o.s.b.w.embedded.tomcat.TomcatWebServer  : Tomcat initialized with port(s): 0 (http)
2022-04-12 12:03:27.323  INFO 9212 --- [    Test worker] o.apache.catalina.core.StandardService   : Starting service [Tomcat]
2022-04-12 12:03:27.324  INFO 9212 --- [    Test worker] org.apache.catalina.core.StandardEngine  : Starting Servlet engine: [Apache Tomcat/9.0.22]
2022-04-12 12:03:27.475  INFO 9212 --- [    Test worker] o.a.c.c.C.[Tomcat].[localhost].[/]       : Initializing Spring embedded WebApplicationContext
2022-04-12 12:03:27.475  INFO 9212 --- [    Test worker] o.s.web.context.ContextLoader            : Root WebApplicationContext: initialization completed in 795 ms
2022-04-12 12:03:27.646  INFO 9212 --- [    Test worker] com.zaxxer.hikari.HikariDataSource       : HikariPool-2 - Starting...
2022-04-12 12:03:27.647  INFO 9212 --- [    Test worker] com.zaxxer.hikari.HikariDataSource       : HikariPool-2 - Start completed.
2022-04-12 12:03:27.692  INFO 9212 --- [    Test worker] o.hibernate.jpa.internal.util.LogHelper  : HHH000204: Processing PersistenceUnitInfo [
	name: default
	...]
2022-04-12 12:03:27.701  INFO 9212 --- [    Test worker] org.hibernate.dialect.Dialect            : HHH000400: Using dialect: org.hibernate.dialect.MySQL5InnoDBDialect
Hibernate: drop table if exists posts
Hibernate: drop table if exists user
Hibernate: create table posts (id bigint not null auto_increment, created_date datetime, modified_date datetime, author varchar(255), content TEXT not null, title varchar(500) not null, primary key (id)) engine=InnoDB
Hibernate: create table user (id bigint not null auto_increment, created_date datetime, modified_date datetime, email varchar(255) not null, name varchar(255) not null, picture varchar(255), role varchar(255), primary key (id)) engine=InnoDB
2022-04-12 12:03:27.757  INFO 9212 --- [    Test worker] o.h.t.schema.internal.SchemaCreatorImpl  : HHH000476: Executing import script 'org.hibernate.tool.schema.internal.exec.ScriptSourceInputNonExistentImpl@680470c8'
2022-04-12 12:03:27.757  INFO 9212 --- [    Test worker] j.LocalContainerEntityManagerFactoryBean : Initialized JPA EntityManagerFactory for persistence unit 'default'
2022-04-12 12:03:28.191  INFO 9212 --- [    Test worker] o.h.h.i.QueryTranslatorFactoryInitiator  : HHH000397: Using ASTQueryTranslatorFactory
2022-04-12 12:03:28.353  INFO 9212 --- [    Test worker] o.s.s.web.DefaultSecurityFilterChain     : Creating filter chain: any request, [org.springframework.security.web.context.request.async.WebAsyncManagerIntegrationFilter@3a81a20b, org.springframework.security.web.context.SecurityContextPersistenceFilter@40c5021a, org.springframework.security.web.header.HeaderWriterFilter@1586467c, org.springframework.security.web.authentication.logout.LogoutFilter@6ef9abc2, org.springframework.security.oauth2.client.web.OAuth2AuthorizationRequestRedirectFilter@4c936327, org.springframework.security.oauth2.client.web.OAuth2LoginAuthenticationFilter@73ed93f8, org.springframework.security.web.authentication.ui.DefaultLoginPageGeneratingFilter@6c4bcd2, org.springframework.security.web.authentication.ui.DefaultLogoutPageGeneratingFilter@45906f64, org.springframework.security.web.savedrequest.RequestCacheAwareFilter@70e6a87, org.springframework.security.web.servletapi.SecurityContextHolderAwareRequestFilter@201c79bc, org.springframework.security.web.authentication.AnonymousAuthenticationFilter@124db6aa, org.springframework.security.web.session.SessionManagementFilter@7043f42, org.springframework.security.web.access.ExceptionTranslationFilter@1aabb4f9, org.springframework.security.web.access.intercept.FilterSecurityInterceptor@c8e6c0b]
2022-04-12 12:03:28.545  INFO 9212 --- [    Test worker] o.s.s.concurrent.ThreadPoolTaskExecutor  : Initializing ExecutorService 'applicationTaskExecutor'
2022-04-12 12:03:28.556  WARN 9212 --- [    Test worker] aWebConfiguration$JpaWebMvcConfiguration : spring.jpa.open-in-view is enabled by default. Therefore, database queries may be performed during view rendering. Explicitly configure spring.jpa.open-in-view to disable this warning
2022-04-12 12:03:28.581  INFO 9212 --- [    Test worker] o.s.b.a.w.s.WelcomePageHandlerMapping    : Adding welcome page template: index
2022-04-12 12:03:28.869  INFO 9212 --- [    Test worker] s.a.ScheduledAnnotationBeanPostProcessor : No TaskScheduler/ScheduledExecutorService bean found for scheduled processing
2022-04-12 12:03:28.894  INFO 9212 --- [    Test worker] o.s.b.w.embedded.tomcat.TomcatWebServer  : Tomcat started on port(s): 3406 (http) with context path ''
2022-04-12 12:03:28.895  INFO 9212 --- [    Test worker] o.e.b.s.web.IndexControllerTest          : Started IndexControllerTest in 2.245 seconds (JVM running for 10.884)
2022-04-12 12:03:28.992  INFO 9212 --- [o-auto-1-exec-1] o.a.c.c.C.[Tomcat].[localhost].[/]       : Initializing Spring DispatcherServlet 'dispatcherServlet'
2022-04-12 12:03:28.992  INFO 9212 --- [o-auto-1-exec-1] o.s.web.servlet.DispatcherServlet        : Initializing Servlet 'dispatcherServlet'
2022-04-12 12:03:29.008  INFO 9212 --- [o-auto-1-exec-1] o.s.web.servlet.DispatcherServlet        : Completed initialization in 16 ms
Hibernate: select posts0_.id as id1_0_, posts0_.created_date as created_2_0_, posts0_.modified_date as modified3_0_, posts0_.author as author4_0_, posts0_.content as content5_0_, posts0_.title as title6_0_ from posts posts0_ order by posts0_.id DESC
]]></system-out>
  <system-err><![CDATA[]]></system-err>
</testsuite>
