<?xml version="1.0" encoding="UTF-8"?>
<testsuite name="org.example.book.springboot.web.HelloControllerTest" tests="2" skipped="0" failures="0" errors="0" timestamp="2022-04-12T03:03:21" hostname="Vostro3400-YSH" time="0.285">
  <properties/>
  <testcase name="helloDto_리턴된다" classname="org.example.book.springboot.web.HelloControllerTest" time="0.277"/>
  <testcase name="hello_리턴된다" classname="org.example.book.springboot.web.HelloControllerTest" time="0.007"/>
  <system-out><![CDATA[12:03:19.074 [Test worker] DEBUG org.springframework.test.context.junit4.SpringJUnit4ClassRunner - SpringJUnit4ClassRunner constructor called with [class org.example.book.springboot.web.HelloControllerTest]
12:03:19.081 [Test worker] DEBUG org.springframework.test.context.BootstrapUtils - Instantiating CacheAwareContextLoaderDelegate from class [org.springframework.test.context.cache.DefaultCacheAwareContextLoaderDelegate]
12:03:19.088 [Test worker] DEBUG org.springframework.test.context.BootstrapUtils - Instantiating BootstrapContext using constructor [public org.springframework.test.context.support.DefaultBootstrapContext(java.lang.Class,org.springframework.test.context.CacheAwareContextLoaderDelegate)]
12:03:19.107 [Test worker] DEBUG org.springframework.test.context.BootstrapUtils - Instantiating TestContextBootstrapper for test class [org.example.book.springboot.web.HelloControllerTest] from class [org.springframework.boot.test.autoconfigure.web.servlet.WebMvcTestContextBootstrapper]
12:03:19.124 [Test worker] INFO org.springframework.boot.test.autoconfigure.web.servlet.WebMvcTestContextBootstrapper - Neither @ContextConfiguration nor @ContextHierarchy found for test class [org.example.book.springboot.web.HelloControllerTest], using SpringBootContextLoader
12:03:19.128 [Test worker] DEBUG org.springframework.test.context.support.AbstractContextLoader - Did not detect default resource location for test class [org.example.book.springboot.web.HelloControllerTest]: class path resource [org/example/book/springboot/web/HelloControllerTest-context.xml] does not exist
12:03:19.129 [Test worker] DEBUG org.springframework.test.context.support.AbstractContextLoader - Did not detect default resource location for test class [org.example.book.springboot.web.HelloControllerTest]: class path resource [org/example/book/springboot/web/HelloControllerTestContext.groovy] does not exist
12:03:19.129 [Test worker] INFO org.springframework.test.context.support.AbstractContextLoader - Could not detect default resource locations for test class [org.example.book.springboot.web.HelloControllerTest]: no resource found for suffixes {-context.xml, Context.groovy}.
12:03:19.130 [Test worker] INFO org.springframework.test.context.support.AnnotationConfigContextLoaderUtils - Could not detect default configuration classes for test class [org.example.book.springboot.web.HelloControllerTest]: HelloControllerTest does not declare any static, non-private, non-final, nested classes annotated with @Configuration.
12:03:19.193 [Test worker] DEBUG org.springframework.test.context.support.ActiveProfilesUtils - Could not find an 'annotation declaring class' for annotation type [org.springframework.test.context.ActiveProfiles] and class [org.example.book.springboot.web.HelloControllerTest]
12:03:19.264 [Test worker] DEBUG org.springframework.context.annotation.ClassPathScanningCandidateComponentProvider - Identified candidate component class: file [C:\workspace-intelliJ\springboot-aws\build\classes\java\main\org\example\book\springboot\Application.class]
12:03:19.265 [Test worker] INFO org.springframework.boot.test.context.SpringBootTestContextBootstrapper - Found @SpringBootConfiguration org.example.book.springboot.Application for test class org.example.book.springboot.web.HelloControllerTest
12:03:19.268 [Test worker] DEBUG org.springframework.boot.test.autoconfigure.web.servlet.WebMvcTestContextBootstrapper - @TestExecutionListeners is not present for class [org.example.book.springboot.web.HelloControllerTest]: using defaults.
12:03:19.268 [Test worker] INFO org.springframework.boot.test.autoconfigure.web.servlet.WebMvcTestContextBootstrapper - Loaded default TestExecutionListener class names from location [META-INF/spring.factories]: [org.springframework.security.test.context.support.WithSecurityContextTestExecutionListener, org.springframework.security.test.context.support.ReactorContextTestExecutionListener, org.springframework.boot.test.autoconfigure.restdocs.RestDocsTestExecutionListener, org.springframework.boot.test.autoconfigure.web.client.MockRestServiceServerResetTestExecutionListener, org.springframework.boot.test.autoconfigure.web.servlet.MockMvcPrintOnlyOnFailureTestExecutionListener, org.springframework.boot.test.autoconfigure.web.servlet.WebDriverTestExecutionListener, org.springframework.boot.test.mock.mockito.MockitoTestExecutionListener, org.springframework.boot.test.mock.mockito.ResetMocksTestExecutionListener, org.springframework.test.context.web.ServletTestExecutionListener, org.springframework.test.context.support.DirtiesContextBeforeModesTestExecutionListener, org.springframework.test.context.support.DependencyInjectionTestExecutionListener, org.springframework.test.context.support.DirtiesContextTestExecutionListener, org.springframework.test.context.transaction.TransactionalTestExecutionListener, org.springframework.test.context.jdbc.SqlScriptsTestExecutionListener]
12:03:19.289 [Test worker] INFO org.springframework.boot.test.autoconfigure.web.servlet.WebMvcTestContextBootstrapper - Using TestExecutionListeners: [org.springframework.test.context.web.ServletTestExecutionListener@46730c23, org.springframework.test.context.support.DirtiesContextBeforeModesTestExecutionListener@7e6d2f01, org.springframework.boot.test.mock.mockito.MockitoTestExecutionListener@63c396e6, org.springframework.boot.test.autoconfigure.SpringBootDependencyInjectionTestExecutionListener@397b7131, org.springframework.test.context.support.DirtiesContextTestExecutionListener@67b76029, org.springframework.test.context.transaction.TransactionalTestExecutionListener@70355ef9, org.springframework.test.context.jdbc.SqlScriptsTestExecutionListener@f3e92bf, org.springframework.security.test.context.support.WithSecurityContextTestExecutionListener@6dae8890, org.springframework.security.test.context.support.ReactorContextTestExecutionListener@31c40b24, org.springframework.boot.test.autoconfigure.restdocs.RestDocsTestExecutionListener@6b5c5973, org.springframework.boot.test.autoconfigure.web.client.MockRestServiceServerResetTestExecutionListener@108c95cd, org.springframework.boot.test.autoconfigure.web.servlet.MockMvcPrintOnlyOnFailureTestExecutionListener@9ff7544, org.springframework.boot.test.autoconfigure.web.servlet.WebDriverTestExecutionListener@1873d274, org.springframework.boot.test.mock.mockito.ResetMocksTestExecutionListener@116d97c8]
12:03:19.292 [Test worker] DEBUG org.springframework.test.annotation.ProfileValueUtils - Retrieved @ProfileValueSourceConfiguration [null] for test class [org.example.book.springboot.web.HelloControllerTest]
12:03:19.293 [Test worker] DEBUG org.springframework.test.annotation.ProfileValueUtils - Retrieved ProfileValueSource type [class org.springframework.test.annotation.SystemProfileValueSource] for class [org.example.book.springboot.web.HelloControllerTest]
12:03:19.294 [Test worker] DEBUG org.springframework.test.annotation.ProfileValueUtils - Retrieved @ProfileValueSourceConfiguration [null] for test class [org.example.book.springboot.web.HelloControllerTest]
12:03:19.294 [Test worker] DEBUG org.springframework.test.annotation.ProfileValueUtils - Retrieved ProfileValueSource type [class org.springframework.test.annotation.SystemProfileValueSource] for class [org.example.book.springboot.web.HelloControllerTest]
12:03:19.298 [Test worker] DEBUG org.springframework.test.context.support.AbstractDirtiesContextTestExecutionListener - Before test class: context [DefaultTestContext@6b4de3dc testClass = HelloControllerTest, testInstance = [null], testMethod = [null], testException = [null], mergedContextConfiguration = [WebMergedContextConfiguration@7871e72c testClass = HelloControllerTest, locations = '{}', classes = '{class org.example.book.springboot.Application}', contextInitializerClasses = '[]', activeProfiles = '{}', propertySourceLocations = '{}', propertySourceProperties = '{org.springframework.boot.test.autoconfigure.web.servlet.WebMvcTestContextBootstrapper=true}', contextCustomizers = set[org.springframework.boot.test.autoconfigure.OverrideAutoConfigurationContextCustomizerFactory$DisableAutoConfigurationContextCustomizer@5c88ca04, org.springframework.boot.test.autoconfigure.filter.TypeExcludeFiltersContextCustomizer@b2e39798, org.springframework.boot.test.autoconfigure.properties.PropertyMappingContextCustomizer@df555a92, org.springframework.boot.test.autoconfigure.web.servlet.WebDriverContextCustomizerFactory$Customizer@5bd14dc6, [ImportsContextCustomizer@f779f49 key = [org.springframework.boot.autoconfigure.cache.CacheAutoConfiguration, org.springframework.boot.autoconfigure.context.MessageSourceAutoConfiguration, org.springframework.boot.autoconfigure.data.web.SpringDataWebAutoConfiguration, org.springframework.boot.autoconfigure.freemarker.FreeMarkerAutoConfiguration, org.springframework.boot.autoconfigure.groovy.template.GroovyTemplateAutoConfiguration, org.springframework.boot.autoconfigure.gson.GsonAutoConfiguration, org.springframework.boot.autoconfigure.hateoas.HypermediaAutoConfiguration, org.springframework.boot.autoconfigure.http.HttpMessageConvertersAutoConfiguration, org.springframework.boot.autoconfigure.jackson.JacksonAutoConfiguration, org.springframework.boot.autoconfigure.jsonb.JsonbAutoConfiguration, org.springframework.boot.autoconfigure.mustache.MustacheAutoConfiguration, org.springframework.boot.autoconfigure.task.TaskExecutionAutoConfiguration, org.springframework.boot.autoconfigure.thymeleaf.ThymeleafAutoConfiguration, org.springframework.boot.autoconfigure.validation.ValidationAutoConfiguration, org.springframework.boot.autoconfigure.web.servlet.error.ErrorMvcAutoConfiguration, org.springframework.boot.autoconfigure.web.servlet.WebMvcAutoConfiguration, org.springframework.boot.test.autoconfigure.web.servlet.MockMvcAutoConfiguration, org.springframework.boot.test.autoconfigure.web.servlet.MockMvcSecurityAutoConfiguration, org.springframework.boot.test.autoconfigure.web.servlet.MockMvcWebClientAutoConfiguration, org.springframework.boot.test.autoconfigure.web.servlet.MockMvcWebDriverAutoConfiguration]], org.springframework.boot.test.context.filter.ExcludeFilterContextCustomizer@29bded78, org.springframework.boot.test.json.DuplicateJsonObjectContextCustomizerFactory$DuplicateJsonObjectContextCustomizer@7da6d0ca, org.springframework.boot.test.mock.mockito.MockitoContextCustomizer@0], resourceBasePath = 'src/main/webapp', contextLoader = 'org.springframework.boot.test.context.SpringBootContextLoader', parent = [null]], attributes = map[[empty]]], class annotated with @DirtiesContext [false] with mode [null].
12:03:19.299 [Test worker] DEBUG org.springframework.test.annotation.ProfileValueUtils - Retrieved @ProfileValueSourceConfiguration [null] for test class [org.example.book.springboot.web.HelloControllerTest]
12:03:19.299 [Test worker] DEBUG org.springframework.test.annotation.ProfileValueUtils - Retrieved ProfileValueSource type [class org.springframework.test.annotation.SystemProfileValueSource] for class [org.example.book.springboot.web.HelloControllerTest]
12:03:19.303 [Test worker] DEBUG org.springframework.test.context.support.DependencyInjectionTestExecutionListener - Performing dependency injection for test context [[DefaultTestContext@6b4de3dc testClass = HelloControllerTest, testInstance = org.example.book.springboot.web.HelloControllerTest@45032652, testMethod = [null], testException = [null], mergedContextConfiguration = [WebMergedContextConfiguration@7871e72c testClass = HelloControllerTest, locations = '{}', classes = '{class org.example.book.springboot.Application}', contextInitializerClasses = '[]', activeProfiles = '{}', propertySourceLocations = '{}', propertySourceProperties = '{org.springframework.boot.test.autoconfigure.web.servlet.WebMvcTestContextBootstrapper=true}', contextCustomizers = set[org.springframework.boot.test.autoconfigure.OverrideAutoConfigurationContextCustomizerFactory$DisableAutoConfigurationContextCustomizer@5c88ca04, org.springframework.boot.test.autoconfigure.filter.TypeExcludeFiltersContextCustomizer@b2e39798, org.springframework.boot.test.autoconfigure.properties.PropertyMappingContextCustomizer@df555a92, org.springframework.boot.test.autoconfigure.web.servlet.WebDriverContextCustomizerFactory$Customizer@5bd14dc6, [ImportsContextCustomizer@f779f49 key = [org.springframework.boot.autoconfigure.cache.CacheAutoConfiguration, org.springframework.boot.autoconfigure.context.MessageSourceAutoConfiguration, org.springframework.boot.autoconfigure.data.web.SpringDataWebAutoConfiguration, org.springframework.boot.autoconfigure.freemarker.FreeMarkerAutoConfiguration, org.springframework.boot.autoconfigure.groovy.template.GroovyTemplateAutoConfiguration, org.springframework.boot.autoconfigure.gson.GsonAutoConfiguration, org.springframework.boot.autoconfigure.hateoas.HypermediaAutoConfiguration, org.springframework.boot.autoconfigure.http.HttpMessageConvertersAutoConfiguration, org.springframework.boot.autoconfigure.jackson.JacksonAutoConfiguration, org.springframework.boot.autoconfigure.jsonb.JsonbAutoConfiguration, org.springframework.boot.autoconfigure.mustache.MustacheAutoConfiguration, org.springframework.boot.autoconfigure.task.TaskExecutionAutoConfiguration, org.springframework.boot.autoconfigure.thymeleaf.ThymeleafAutoConfiguration, org.springframework.boot.autoconfigure.validation.ValidationAutoConfiguration, org.springframework.boot.autoconfigure.web.servlet.error.ErrorMvcAutoConfiguration, org.springframework.boot.autoconfigure.web.servlet.WebMvcAutoConfiguration, org.springframework.boot.test.autoconfigure.web.servlet.MockMvcAutoConfiguration, org.springframework.boot.test.autoconfigure.web.servlet.MockMvcSecurityAutoConfiguration, org.springframework.boot.test.autoconfigure.web.servlet.MockMvcWebClientAutoConfiguration, org.springframework.boot.test.autoconfigure.web.servlet.MockMvcWebDriverAutoConfiguration]], org.springframework.boot.test.context.filter.ExcludeFilterContextCustomizer@29bded78, org.springframework.boot.test.json.DuplicateJsonObjectContextCustomizerFactory$DuplicateJsonObjectContextCustomizer@7da6d0ca, org.springframework.boot.test.mock.mockito.MockitoContextCustomizer@0], resourceBasePath = 'src/main/webapp', contextLoader = 'org.springframework.boot.test.context.SpringBootContextLoader', parent = [null]], attributes = map[[empty]]]].
12:03:19.413 [Test worker] DEBUG org.springframework.test.context.support.TestPropertySourceUtils - Adding inlined properties to environment: {spring.jmx.enabled=false, org.springframework.boot.test.autoconfigure.web.servlet.WebMvcTestContextBootstrapper=true, server.port=-1}

  .   ____          _            __ _ _
 /\\ / ___'_ __ _ _(_)_ __  __ _ \ \ \ \
( ( )\___ | '_ | '_| | '_ \/ _` | \ \ \ \
 \\/  ___)| |_)| | | | | || (_| |  ) ) ) )
  '  |____| .__|_| |_|_| |_\__, | / / / /
 =========|_|==============|___/=/_/_/_/
 :: Spring Boot ::        (v2.1.7.RELEASE)

2022-04-12 12:03:19.653  INFO 9212 --- [    Test worker] o.e.b.s.web.HelloControllerTest          : Starting HelloControllerTest on Vostro3400-YSH with PID 9212 (started by YSH in C:\workspace-intelliJ\springboot-aws)
2022-04-12 12:03:19.656  INFO 9212 --- [    Test worker] o.e.b.s.web.HelloControllerTest          : No active profile set, falling back to default profiles: default
2022-04-12 12:03:20.953  INFO 9212 --- [    Test worker] o.s.s.concurrent.ThreadPoolTaskExecutor  : Initializing ExecutorService 'applicationTaskExecutor'
2022-04-12 12:03:21.039  INFO 9212 --- [    Test worker] o.s.b.a.w.s.WelcomePageHandlerMapping    : Adding welcome page template: index
2022-04-12 12:03:21.355  INFO 9212 --- [    Test worker] .s.s.UserDetailsServiceAutoConfiguration : 

Using generated security password: ba7b4d15-f197-442b-ad1b-002979d245a0

2022-04-12 12:03:21.573  INFO 9212 --- [    Test worker] o.s.s.web.DefaultSecurityFilterChain     : Creating filter chain: any request, [org.springframework.security.web.context.request.async.WebAsyncManagerIntegrationFilter@d70c469, org.springframework.security.web.context.SecurityContextPersistenceFilter@5c3173a0, org.springframework.security.web.header.HeaderWriterFilter@6bbe53e2, org.springframework.security.web.csrf.CsrfFilter@3b116d58, org.springframework.security.web.authentication.logout.LogoutFilter@4bac1ad0, org.springframework.security.web.authentication.UsernamePasswordAuthenticationFilter@4f08097e, org.springframework.security.web.authentication.ui.DefaultLoginPageGeneratingFilter@4eb2e9ba, org.springframework.security.web.authentication.ui.DefaultLogoutPageGeneratingFilter@918f648, org.springframework.security.web.authentication.www.BasicAuthenticationFilter@58663851, org.springframework.security.web.savedrequest.RequestCacheAwareFilter@2fe7ebc5, org.springframework.security.web.servletapi.SecurityContextHolderAwareRequestFilter@4310c99e, org.springframework.security.web.authentication.AnonymousAuthenticationFilter@33a1a5f0, org.springframework.security.web.session.SessionManagementFilter@449f21ba, org.springframework.security.web.access.ExceptionTranslationFilter@6fc91225, org.springframework.security.web.access.intercept.FilterSecurityInterceptor@4978784c]
2022-04-12 12:03:21.619  INFO 9212 --- [    Test worker] o.s.b.t.m.w.SpringBootMockServletContext : Initializing Spring TestDispatcherServlet ''
2022-04-12 12:03:21.619  INFO 9212 --- [    Test worker] o.s.t.web.servlet.TestDispatcherServlet  : Initializing Servlet ''
2022-04-12 12:03:21.634  INFO 9212 --- [    Test worker] o.s.t.web.servlet.TestDispatcherServlet  : Completed initialization in 15 ms
2022-04-12 12:03:21.677  INFO 9212 --- [    Test worker] o.e.b.s.web.HelloControllerTest          : Started HelloControllerTest in 2.255 seconds (JVM running for 3.664)
]]></system-out>
  <system-err><![CDATA[]]></system-err>
</testsuite>
